<?xml version="1.0" encoding="UTF-8"?>
<!-- Generated by org.testng.reporters.JUnitXMLReporter -->
<testsuite ignored="1" hostname="DESKTOP-6BN3O0E" failures="1" tests="12" name="Personal Loan" time="0.113" errors="0" timestamp="2023-09-09T12:16:41 IST">
  <testcase classname="test.Day1" name="Demo" time="0.005"/>
  <testcase classname="test.Day1" name="SecondTest" time="0.001"/>
  <testcase classname="test.Day2" name="ploan" time="0.002"/>
  <testcase classname="test.Day3" name="MobileLogincarLoan" time="0.002"/>
  <testcase classname="test.Day3" name="Mobilesignotloan" time="0.003"/>
  <testcase classname="test.Day3" name="Mobilesignotloan" time="0.002"/>
  <testcase classname="test.Day3" name="Mobilesignotloan" time="0.001"/>
  <testcase classname="test.Day3" name="WebloginCarLoan" time="0.001"/>
  <testcase classname="test.Day3" name="WebloginCarLoans" time="0.0">
    <failure type="org.testng.TestNGException" message="
Parameter &amp;apos;URL&amp;apos; is required by @Test on method WebloginCarLoans but has not been marked @Optional or defined
in C:\Users\Admin\eclipse-workspace\TestNGTutorial\testng2.xml">
      <![CDATA[org.testng.TestNGException: 
Parameter 'URL' is required by @Test on method WebloginCarLoans but has not been marked @Optional or defined
in C:\Users\Admin\eclipse-workspace\TestNGTutorial\testng2.xml
at java.base/java.util.ArrayList.forEach(ArrayList.java:1511)
... Removed 26 stack frames]]>
    </failure>
  </testcase> <!-- WebloginCarLoans -->
  <testcase classname="test.Day4" name="LoginAPIHomeLoan" time="0.001"/>
  <testcase classname="test.Day4" name="MobileLoginHomeLoan" time="0.001"/>
  <testcase classname="test.Day4" name="WebloginHomeLoan" time="0.002"/>
  <testcase classname="test.Day3" name="MobilesignincarLoan" time="0.0">
    <ignored/>
  </testcase> <!-- MobilesignincarLoan -->
</testsuite> <!-- Personal Loan -->
